1517069870550	geckodriver	INFO	geckodriver 0.19.0
1517069870595	geckodriver	INFO	Listening on 127.0.0.1:29116
1517069873744	mozrunner::runner	INFO	Running command: "E:\\开发工具\\浏览器安装目录\\firefox.exe" "-marionette" "-profile" "C:\\Users\\DZREAL~1\\AppData\\Local\\Temp\\rust_mozprofile.5vzrtbtTRMSy"
1517069877129	addons.xpi	WARN	Error parsing extensions state: [Exception... "Component returned failure code: 0x80520012 (NS_ERROR_FILE_NOT_FOUND) [amIAddonManagerStartup.readStartupData]"  nsresult: "0x80520012 (NS_ERROR_FILE_NOT_FOUND)"  location: "JS frame :: resource://gre/modules/addons/XPIProvider.jsm :: loadExtensionState :: line 1554"  data: no] Stack trace: loadExtensionState()@resource://gre/modules/addons/XPIProvider.jsm:1554 < getInstallState()@resource://gre/modules/addons/XPIProvider.jsm:1589 < checkForChanges()@resource://gre/modules/addons/XPIProvider.jsm:3109 < startup()@resource://gre/modules/addons/XPIProvider.jsm:2188 < callProvider()@resource://gre/modules/AddonManager.jsm:269 < _startProvider()@resource://gre/modules/AddonManager.jsm:739 < startup()@resource://gre/modules/AddonManager.jsm:906 < startup()@resource://gre/modules/AddonManager.jsm:3090 < observe()@jar:file:///E:/%E5%BC%80%E5%8F%91%E5%B7%A5%E5%85%B7/%E6%B5%8F%E8%A7%88%E5%99%A8%E5%AE%89%E8%A3%85%E7%9B%AE%E5%BD%95/omni.ja!/components/addonManager.js:65
1517069882110	Marionette	INFO	Enabled via --marionette
Unable to read VR Path Registry from C:\Users\Dzreal_93\AppData\Local\openvr\openvrpaths.vrpath
[Child 12208] WARNING: pipe error: 109: file z:/build/build/src/ipc/chromium/src/chrome/common/ipc_channel_win.cc, line 346
[Child 12208] WARNING: pipe error: 109: file z:/build/build/src/ipc/chromium/src/chrome/common/ipc_channel_win.cc, line 346
1517069898491	Marionette	INFO	Listening on port 29129
1517069898697	Marionette	WARN	TLS certificate errors will be ignored for this session
1517069898765	Marionette	DEBUG	Register listener.js for window 4294967297
1517069898835	Marionette	DEBUG	Received DOM event "beforeunload" for "about:blank"
1517069899002	Marionette	DEBUG	Received DOM event "pagehide" for "about:blank"
1517069899003	Marionette	DEBUG	Received DOM event "unload" for "about:blank"
Unable to read VR Path Registry from C:\Users\Dzreal_93\AppData\Local\openvr\openvrpaths.vrpath
JavaScript error: https://ss1.bdstatic.com/5eN1bjq8AAUYm2zgoY3K/r/www/cache/static/protocol/https/plugins/every_cookie_4644b13.js, line 4: ReferenceError: c is not defined
1517069899626	Marionette	DEBUG	Received DOM event "DOMContentLoaded" for "https://www.baidu.com/"
1517069899780	Marionette	DEBUG	Received DOM event "pageshow" for "https://www.baidu.com/"
1517069905010	Marionette	INFO	New connections will no longer be accepted
Unable to read VR Path Registry from C:\Users\Dzreal_93\AppData\Local\openvr\openvrpaths.vrpath
[Child 17376] WARNING: pipe error: 109: file z:/build/build/src/ipc/chromium/src/chrome/common/ipc_channel_win.cc, line 346
